build/app/outputs/mapping/release/mapping.txt
# compiler: R8
# compiler_version: 1.5.64
# min_api: 18
# pg_map_id: 9c77324
...
com.bumptech.glide.load.model.ModelLoader -> com.bumptech.glide.load.o.n:
    com.bumptech.glide.load.model.ModelLoader$LoadData buildLoadData(java.lang.Object,int,int,com.bumptech.glide.load.Options) -> a
    boolean handles(java.lang.Object) -> a
com.bumptech.glide.load.model.ModelLoader$LoadData -> com.bumptech.glide.load.o.n$a:
    java.util.List alternateKeys -> b
    com.bumptech.glide.load.Key sourceKey -> a
    com.bumptech.glide.load.data.DataFetcher fetcher -> c
com.bumptech.glide.load.model.ModelLoaderFactory -> com.bumptech.glide.load.o.o:
    com.bumptech.glide.load.model.ModelLoader build(com.bumptech.glide.load.model.MultiModelLoaderFactory) -> a
com.bumptech.glide.load.model.ModelLoaderRegistry -> com.bumptech.glide.load.o.p:
    com.bumptech.glide.load.model.ModelLoaderRegistry$ModelLoaderCache cache -> b
    com.bumptech.glide.load.model.MultiModelLoaderFactory multiModelLoaderFactory -> a
    void append(java.lang.Class,java.lang.Class,com.bumptech.glide.load.model.ModelLoaderFactory) -> a
    java.util.List getDataClasses(java.lang.Class) -> a
    java.util.List getModelLoaders(java.lang.Object) -> a
    java.lang.Class getClass(java.lang.Object) -> b
    java.util.List getModelLoadersForClass(java.lang.Class) -> b
com.bumptech.glide.load.model.ModelLoaderRegistry$ModelLoaderCache -> com.bumptech.glide.load.o.p$a:
    java.util.Map cachedModelLoaders -> a
    void clear() -> a
    java.util.List get(java.lang.Class) -> a
    void put(java.lang.Class,java.util.List) -> a
com.bumptech.glide.load.model.ModelLoaderRegistry$ModelLoaderCache$Entry -> com.bumptech.glide.load.o.p$a$a:
    java.util.List loaders -> a
com.bumptech.glide.load.model.MultiModelLoader -> com.bumptech.glide.load.o.q:
    java.util.List modelLoaders -> a
    androidx.core.util.Pools$Pool exceptionListPool -> b
    com.bumptech.glide.load.model.ModelLoader$LoadData buildLoadData(java.lang.Object,int,int,com.bumptech.glide.load.Options) -> a
    boolean handles(java.lang.Object) -> a
com.bumptech.glide.load.model.MultiModelLoader$MultiFetcher -> com.bumptech.glide.load.o.q$a:
    java.util.List fetchers -> b
    com.bumptech.glide.load.data.DataFetcher$DataCallback callback -> f
    androidx.core.util.Pools$Pool throwableListPool -> c
    int currentIndex -> d
    com.bumptech.glide.Priority priority -> e
    java.util.List exceptions -> g
    boolean isCancelled -> h
    java.lang.Class getDataClass() -> a
    void loadData(com.bumptech.glide.Priority,com.bumptech.glide.load.data.DataFetcher$DataCallback) -> a
    void onDataReady(java.lang.Object) -> a
    void onLoadFailed(java.lang.Exception) -> a
    void cleanup() -> b
    com.bumptech.glide.load.DataSource getDataSource() -> c
    void startNextOrFail() -> d
com.bumptech.glide.load.model.MultiModelLoaderFactory -> com.bumptech.glide.load.o.r:
    java.util.List entries -> a
    com.bumptech.glide.load.model.ModelLoader EMPTY_MODEL_LOADER -> f
    java.util.Set alreadyUsedEntries -> c
    androidx.core.util.Pools$Pool throwableListPool -> d
    com.bumptech.glide.load.model.MultiModelLoaderFactory$Factory factory -> b
    com.bumptech.glide.load.model.MultiModelLoaderFactory$Factory DEFAULT_FACTORY -> e
    void add(java.lang.Class,java.lang.Class,com.bumptech.glide.load.model.ModelLoaderFactory,boolean) -> a
    void append(java.lang.Class,java.lang.Class,com.bumptech.glide.load.model.ModelLoaderFactory) -> a
    com.bumptech.glide.load.model.ModelLoader build(com.bumptech.glide.load.model.MultiModelLoaderFactory$Entry) -> a
    com.bumptech.glide.load.model.ModelLoader build(java.lang.Class,java.lang.Class) -> a
    java.util.List build(java.lang.Class) -> a
    com.bumptech.glide.load.model.ModelLoader emptyModelLoader() -> a
    java.util.List getDataClasses(java.lang.Class) -> b